<?xml version="1.0" encoding="UTF-8"?>
<testsuites name="Home" time="33.904" tests="2" failures="0" errors="0">
   <testsuite name="Home" tests="2" failures="0" errors="0" time="33.904" skipped="0" timestamp="05-02-2025T16:59:28" hostname="ruben.lee - localhost" id="Test Suites/Home">
      <properties>
         <property name="deviceName" value=""/>
         <property name="devicePlatform"/>
         <property name="logFolder" value="/Users/ruben.lee/Katalon Studio/Tapas Test/Reports/20250205_165922/Home/20250205_165923"/>
         <property name="logFiles" value="/Users/ruben.lee/Katalon Studio/Tapas Test/Reports/20250205_165922/Home/20250205_165923/execution0.log"/>
         <property name="attachments" value=""/>
         <property name="hostName" value="ruben.lee - localhost"/>
         <property name="os" value="Mac OS X 64bit"/>
         <property name="katalonVersion" value="10.1.0.223"/>
         <property name="browser" value="Chrome 132.0.6834.160"/>
         <property name="hostAddress" value="127.0.0.1"/>
         <property name="sessionId" value="90e7ff67f42873695f6198dbf27fea4d"/>
         <property name="seleniumVersion" value="4.22.0"/>
         <property name="proxyInformation" value="ProxyInformation { proxyOption=NO_PROXY, proxyServerType=HTTP, username=, password=********, proxyServerAddress=, proxyServerPort=0, executionList=&quot;&quot;, isApplyToDesiredCapabilities=true }"/>
         <property name="platform" value="Mac OS X"/>
      </properties>
      <testcase name="Test Cases/Home/숏컷 객체 강조" time="16.679" classname="Test Cases/Home/숏컷 객체 강조" status="PASSED">
         <system-out><![CDATA[05-02-2025T16:59:28 - [TEST_CASE][PASSED] - Test Cases/Home/숏컷 객체 강조: Test Cases/Home/숏컷 객체 강조

05-02-2025T16:59:28 - [TEST_STEP][PASSED] - openBrowser(""): Browser is opened with url: ''

05-02-2025T16:59:28 - [MESSAGE][INFO] - Starting 'Chrome' driver

05-02-2025T16:59:28 - [MESSAGE][INFO] - Action delay is set to 0 milliseconds

05-02-2025T16:59:30 - [MESSAGE][PASSED] - Browser is opened with url: ''

05-02-2025T16:59:30 - [TEST_STEP][PASSED] - navigateToUrl("https://tapas.io/"): Navigate to 'https://tapas.io/' successfully

05-02-2025T16:59:32 - [MESSAGE][PASSED] - Navigate to 'https://tapas.io/' successfully

05-02-2025T16:59:32 - [TEST_STEP][PASSED] - searchBox = findTestObject("숏컷 미로그인/Page_Home  Spotlight/input_More_q"): null

05-02-2025T16:59:32 - [TEST_STEP][PASSED] - HighlightElement.run(searchBox): null

05-02-2025T16:59:36 - [TEST_STEP][PASSED] - verifyElementPresent(searchBox, 0): Object 'Object Repository/숏컷 미로그인/Page_Home  Spotlight/input_More_q' is present

05-02-2025T16:59:36 - [MESSAGE][WARNING] - Timeout '0' is invalid. Using default page load timeout: '40'

05-02-2025T16:59:37 - [MESSAGE][PASSED] - Object 'Object Repository/숏컷 미로그인/Page_Home  Spotlight/input_More_q' is present

05-02-2025T16:59:37 - [TEST_STEP][PASSED] - logoImage = findTestObject("숏컷 미로그인/Page_Home  Spotlight/img_More_absolute right-2 top-24 -translate-y-24"): null

05-02-2025T16:59:37 - [TEST_STEP][PASSED] - HighlightElement.run(logoImage): null

05-02-2025T16:59:39 - [TEST_STEP][PASSED] - verifyElementPresent(logoImage, 0): Object 'Object Repository/숏컷 미로그인/Page_Home  Spotlight/img_More_absolute right-2 top-24 -translate-y-24' is present

05-02-2025T16:59:39 - [MESSAGE][WARNING] - Timeout '0' is invalid. Using default page load timeout: '40'

05-02-2025T16:59:39 - [MESSAGE][PASSED] - Object 'Object Repository/숏컷 미로그인/Page_Home  Spotlight/img_More_absolute right-2 top-24 -translate-y-24' is present

05-02-2025T16:59:39 - [TEST_STEP][PASSED] - loginButton = findTestObject("숏컷 미로그인/Page_Home  Spotlight/button_Login"): null

05-02-2025T16:59:39 - [TEST_STEP][PASSED] - HighlightElement.run(loginButton): null

05-02-2025T16:59:42 - [TEST_STEP][PASSED] - verifyElementPresent(loginButton, 0): Object 'Object Repository/숏컷 미로그인/Page_Home  Spotlight/button_Login' is present

05-02-2025T16:59:42 - [MESSAGE][WARNING] - Timeout '0' is invalid. Using default page load timeout: '40'

05-02-2025T16:59:42 - [MESSAGE][PASSED] - Object 'Object Repository/숏컷 미로그인/Page_Home  Spotlight/button_Login' is present

05-02-2025T16:59:42 - [TEST_STEP][PASSED] - publishButton = findTestObject("숏컷 미로그인/Page_Home  Spotlight/button_Publish"): null

05-02-2025T16:59:42 - [TEST_STEP][PASSED] - HighlightElement.run(publishButton): null

05-02-2025T16:59:44 - [TEST_STEP][PASSED] - verifyElementPresent(publishButton, 0): Object 'Object Repository/숏컷 미로그인/Page_Home  Spotlight/button_Publish' is present

05-02-2025T16:59:44 - [MESSAGE][WARNING] - Timeout '0' is invalid. Using default page load timeout: '40'

05-02-2025T16:59:45 - [MESSAGE][PASSED] - Object 'Object Repository/숏컷 미로그인/Page_Home  Spotlight/button_Publish' is present

05-02-2025T16:59:45 - [TEST_STEP][PASSED] - comment("✅ Test 1 완료. 브라우저 유지 상태에서 Test 2 실행"): ✅ Test 1 완료. 브라우저 유지 상태에서 Test 2 실행

05-02-2025T16:59:45 - [MESSAGE][INFO] - ✅ Test 1 완료. 브라우저 유지 상태에서 Test 2 실행]]></system-out>
         <system-err><![CDATA[]]></system-err>
      </testcase>
      <testcase name="Test Cases/Home/숏컷 확인 - 로그인 - 강조 확인" time="17.15" classname="Test Cases/Home/숏컷 확인 - 로그인 - 강조 확인" status="PASSED">
         <system-out><![CDATA[05-02-2025T16:59:45 - [TEST_CASE][PASSED] - Test Cases/Home/숏컷 확인 - 로그인 - 강조 확인: Test Cases/Home/숏컷 확인 - 로그인 - 강조 확인

05-02-2025T16:59:45 - [TEST_STEP][PASSED] - url = "https://tapas.io/account/signin?from=/": null

05-02-2025T16:59:45 - [TEST_STEP][PASSED] - email = "dkttapas00@gmail.com": null

05-02-2025T16:59:45 - [TEST_STEP][PASSED] - password = "winehouse": null

05-02-2025T16:59:45 - [TEST_STEP][PASSED] - cookieFilePath = "cookies.save": null

05-02-2025T16:59:45 - [TEST_STEP][PASSED] - comment("🚀 Test 2 시작! 기존 브라우저 사용"): 🚀 Test 2 시작! 기존 브라우저 사용

05-02-2025T16:59:45 - [MESSAGE][INFO] - 🚀 Test 2 시작! 기존 브라우저 사용

05-02-2025T16:59:45 - [TEST_STEP][PASSED] - cookieFile = new java.io.File(cookieFilePath): null

05-02-2025T16:59:45 - [TEST_STEP][PASSED] - if (cookieFile.exists()): ✅ 쿠키 로드 완료! 자동 로그인 성공

05-02-2025T16:59:45 - [TEST_STEP][PASSED] - driver = getWebDriver(): null

05-02-2025T16:59:45 - [TEST_STEP][PASSED] - try: ✅ 쿠키 로드 완료! 자동 로그인 성공

05-02-2025T16:59:45 - [TEST_STEP][PASSED] - fis = new java.io.FileInputStream(cookieFile): null

05-02-2025T16:59:45 - [TEST_STEP][PASSED] - ois = new java.io.ObjectInputStream(fis): null

05-02-2025T16:59:45 - [TEST_STEP][PASSED] - cookies = ois.readObject(): null

05-02-2025T16:59:45 - [TEST_STEP][PASSED] - ois.close(): null

05-02-2025T16:59:45 - [TEST_STEP][PASSED] - fis.close(): null

05-02-2025T16:59:45 - [TEST_STEP][PASSED] - for (org.openqa.selenium.Cookie cookie : cookies): null

05-02-2025T16:59:45 - [TEST_STEP][PASSED] - manage().addCookie(cookie): null

05-02-2025T16:59:45 - [TEST_STEP][PASSED] - manage().addCookie(cookie): null

05-02-2025T16:59:45 - [TEST_STEP][PASSED] - manage().addCookie(cookie): null

05-02-2025T16:59:45 - [TEST_STEP][PASSED] - manage().addCookie(cookie): null

05-02-2025T16:59:45 - [TEST_STEP][PASSED] - manage().addCookie(cookie): null

05-02-2025T16:59:45 - [TEST_STEP][PASSED] - manage().addCookie(cookie): null

05-02-2025T16:59:45 - [TEST_STEP][PASSED] - manage().addCookie(cookie): null

05-02-2025T16:59:45 - [TEST_STEP][PASSED] - manage().addCookie(cookie): null

05-02-2025T16:59:45 - [TEST_STEP][PASSED] - manage().addCookie(cookie): null

05-02-2025T16:59:45 - [TEST_STEP][PASSED] - manage().addCookie(cookie): null

05-02-2025T16:59:45 - [TEST_STEP][PASSED] - manage().addCookie(cookie): null

05-02-2025T16:59:45 - [TEST_STEP][PASSED] - manage().addCookie(cookie): null

05-02-2025T16:59:45 - [TEST_STEP][PASSED] - manage().addCookie(cookie): null

05-02-2025T16:59:45 - [TEST_STEP][PASSED] - manage().addCookie(cookie): null

05-02-2025T16:59:45 - [TEST_STEP][PASSED] - manage().addCookie(cookie): null

05-02-2025T16:59:45 - [TEST_STEP][PASSED] - manage().addCookie(cookie): null

05-02-2025T16:59:45 - [TEST_STEP][PASSED] - manage().addCookie(cookie): null

05-02-2025T16:59:45 - [TEST_STEP][PASSED] - manage().addCookie(cookie): null

05-02-2025T16:59:45 - [TEST_STEP][PASSED] - manage().addCookie(cookie): null

05-02-2025T16:59:45 - [TEST_STEP][PASSED] - manage().addCookie(cookie): null

05-02-2025T16:59:45 - [TEST_STEP][PASSED] - manage().addCookie(cookie): null

05-02-2025T16:59:45 - [TEST_STEP][PASSED] - manage().addCookie(cookie): null

05-02-2025T16:59:45 - [TEST_STEP][PASSED] - manage().addCookie(cookie): null

05-02-2025T16:59:45 - [TEST_STEP][PASSED] - manage().addCookie(cookie): null

05-02-2025T16:59:45 - [TEST_STEP][PASSED] - manage().addCookie(cookie): null

05-02-2025T16:59:45 - [TEST_STEP][PASSED] - manage().addCookie(cookie): null

05-02-2025T16:59:45 - [TEST_STEP][PASSED] - manage().addCookie(cookie): null

05-02-2025T16:59:45 - [TEST_STEP][PASSED] - manage().addCookie(cookie): null

05-02-2025T16:59:45 - [TEST_STEP][PASSED] - manage().addCookie(cookie): null

05-02-2025T16:59:45 - [TEST_STEP][PASSED] - manage().addCookie(cookie): null

05-02-2025T16:59:45 - [TEST_STEP][PASSED] - refresh(): Refresh successfully

05-02-2025T16:59:46 - [MESSAGE][PASSED] - Refresh successfully

05-02-2025T16:59:46 - [TEST_STEP][PASSED] - comment("✅ 쿠키 로드 완료! 자동 로그인 성공"): ✅ 쿠키 로드 완료! 자동 로그인 성공

05-02-2025T16:59:46 - [MESSAGE][INFO] - ✅ 쿠키 로드 완료! 자동 로그인 성공

05-02-2025T16:59:46 - [TEST_STEP][PASSED] - searchBox = findTestObject("숏컷 로그인 신규/Page_Home  Spotlight/input_More_q"): null

05-02-2025T16:59:46 - [TEST_STEP][PASSED] - HighlightElement.run(searchBox): null

05-02-2025T16:59:49 - [TEST_STEP][PASSED] - verifyElementPresent(searchBox, 0): Object 'Object Repository/숏컷 로그인 신규/Page_Home  Spotlight/input_More_q' is present

05-02-2025T16:59:49 - [MESSAGE][WARNING] - Timeout '0' is invalid. Using default page load timeout: '40'

05-02-2025T16:59:49 - [MESSAGE][PASSED] - Object 'Object Repository/숏컷 로그인 신규/Page_Home  Spotlight/input_More_q' is present

05-02-2025T16:59:49 - [TEST_STEP][PASSED] - logoImage = findTestObject("숏컷 로그인 신규/Page_Home  Spotlight/img_More_absolute right-2 top-24 -translate-y-24"): null

05-02-2025T16:59:49 - [TEST_STEP][PASSED] - HighlightElement.run(logoImage): null

05-02-2025T16:59:51 - [TEST_STEP][PASSED] - verifyElementPresent(logoImage, 0): Object 'Object Repository/숏컷 로그인 신규/Page_Home  Spotlight/img_More_absolute right-2 top-24 -translate-y-24' is present

05-02-2025T16:59:51 - [MESSAGE][WARNING] - Timeout '0' is invalid. Using default page load timeout: '40'

05-02-2025T16:59:52 - [MESSAGE][PASSED] - Object 'Object Repository/숏컷 로그인 신규/Page_Home  Spotlight/img_More_absolute right-2 top-24 -translate-y-24' is present

05-02-2025T16:59:52 - [TEST_STEP][PASSED] - libraryimage = findTestObject("숏컷 로그인 신규/Page_Home  Spotlight/library"): null

05-02-2025T16:59:52 - [TEST_STEP][PASSED] - HighlightElement.run(libraryimage): null

05-02-2025T16:59:54 - [TEST_STEP][PASSED] - verifyElementPresent(libraryimage, 0): Object 'Object Repository/숏컷 로그인 신규/Page_Home  Spotlight/library' is present

05-02-2025T16:59:54 - [MESSAGE][WARNING] - Timeout '0' is invalid. Using default page load timeout: '40'

05-02-2025T16:59:54 - [MESSAGE][PASSED] - Object 'Object Repository/숏컷 로그인 신규/Page_Home  Spotlight/library' is present

05-02-2025T16:59:54 - [TEST_STEP][PASSED] - inboximage = findTestObject("숏컷 로그인 신규/Page_Home  Spotlight/inbox"): null

05-02-2025T16:59:54 - [TEST_STEP][PASSED] - HighlightElement.run(inboximage): null

05-02-2025T16:59:56 - [TEST_STEP][PASSED] - verifyElementPresent(inboximage, 0): Object 'Object Repository/숏컷 로그인 신규/Page_Home  Spotlight/inbox' is present

05-02-2025T16:59:56 - [MESSAGE][WARNING] - Timeout '0' is invalid. Using default page load timeout: '40'

05-02-2025T16:59:57 - [MESSAGE][PASSED] - Object 'Object Repository/숏컷 로그인 신규/Page_Home  Spotlight/inbox' is present

05-02-2025T16:59:57 - [TEST_STEP][PASSED] - profileImage = findTestObject("숏컷 로그인 신규/Page_Home  Spotlight/div_More_absolute left-0 top-0 size-full rounded-100 border-1 border-888"): null

05-02-2025T16:59:57 - [TEST_STEP][PASSED] - HighlightElement.run(profileImage): null

05-02-2025T16:59:59 - [TEST_STEP][PASSED] - verifyElementPresent(profileImage, 0): Object 'Object Repository/숏컷 로그인 신규/Page_Home  Spotlight/div_More_absolute left-0 top-0 size-full rounded-100 border-1 border-888' is present

05-02-2025T16:59:59 - [MESSAGE][WARNING] - Timeout '0' is invalid. Using default page load timeout: '40'

05-02-2025T16:59:59 - [MESSAGE][PASSED] - Object 'Object Repository/숏컷 로그인 신규/Page_Home  Spotlight/div_More_absolute left-0 top-0 size-full rounded-100 border-1 border-888' is present

05-02-2025T16:59:59 - [TEST_STEP][PASSED] - publishButton = findTestObject("숏컷 로그인 신규/Page_Home  Spotlight/button_Publish"): null

05-02-2025T16:59:59 - [TEST_STEP][PASSED] - HighlightElement.run(publishButton): null

05-02-2025T17:00:01 - [TEST_STEP][PASSED] - verifyElementPresent(publishButton, 0): Object 'Object Repository/숏컷 로그인 신규/Page_Home  Spotlight/button_Publish' is present

05-02-2025T17:00:01 - [MESSAGE][WARNING] - Timeout '0' is invalid. Using default page load timeout: '40'

05-02-2025T17:00:02 - [MESSAGE][PASSED] - Object 'Object Repository/숏컷 로그인 신규/Page_Home  Spotlight/button_Publish' is present

05-02-2025T17:00:02 - [TEST_STEP][PASSED] - closeBrowser(): Browser is closed

05-02-2025T17:00:02 - [MESSAGE][PASSED] - Browser is closed]]></system-out>
         <system-err><![CDATA[]]></system-err>
      </testcase>
      <system-out><![CDATA[05-02-2025T16:59:28 - [TEST_SUITE][PASSED] - Home: Test Cases/Home/숏컷 확인 - 로그인 - 강조 확인]]></system-out>
      <system-err><![CDATA[]]></system-err>
   </testsuite>
</testsuites>
