<?xml version="1.0" encoding="UTF-8"?>
<testsuites name="Home" time="49.473" tests="4" failures="0" errors="0">
   <testsuite name="Home" tests="4" failures="0" errors="0" time="49.473" skipped="0" timestamp="11-02-2025T09:19:08" hostname="ruben.lee - localhost" id="Test Suites/Home">
      <properties>
         <property name="deviceName" value=""/>
         <property name="devicePlatform"/>
         <property name="logFolder" value="/Users/ruben.lee/Katalon Studio/Tapas Test/Reports/20250211_091903/Home/20250211_091904"/>
         <property name="logFiles" value="/Users/ruben.lee/Katalon Studio/Tapas Test/Reports/20250211_091903/Home/20250211_091904/execution0.log"/>
         <property name="attachments" value=""/>
         <property name="hostName" value="ruben.lee - localhost"/>
         <property name="os" value="Mac OS X 64bit"/>
         <property name="katalonVersion" value="10.1.0.223"/>
         <property name="browser" value="Chrome 132.0.6834.160"/>
         <property name="hostAddress" value="127.0.0.1"/>
         <property name="sessionId" value="8f594d29bc1d95ecd735f086bfe320d3"/>
         <property name="seleniumVersion" value="4.22.0"/>
         <property name="proxyInformation" value="ProxyInformation { proxyOption=NO_PROXY, proxyServerType=HTTP, username=, password=********, proxyServerAddress=, proxyServerPort=0, executionList=&quot;&quot;, isApplyToDesiredCapabilities=true }"/>
         <property name="platform" value="Mac OS X"/>
      </properties>
      <testcase name="Test Cases/Home/홈화면 확인/숏컷 객체 강조" time="16.66" classname="Test Cases/Home/홈화면 확인/숏컷 객체 강조" status="PASSED">
         <system-out><![CDATA[11-02-2025T09:19:09 - [TEST_CASE][PASSED] - Test Cases/Home/홈화면 확인/숏컷 객체 강조: Test Cases/Home/홈화면 확인/숏컷 객체 강조

11-02-2025T09:19:09 - [TEST_STEP][PASSED] - openBrowser(""): Browser is opened with url: ''

11-02-2025T09:19:09 - [MESSAGE][INFO] - Starting 'Chrome' driver

11-02-2025T09:19:09 - [MESSAGE][INFO] - Action delay is set to 0 milliseconds

11-02-2025T09:19:11 - [MESSAGE][PASSED] - Browser is opened with url: ''

11-02-2025T09:19:11 - [TEST_STEP][PASSED] - navigateToUrl("https:/qa.tapas.io/"): Navigate to 'https:/qa.tapas.io/' successfully

11-02-2025T09:19:12 - [MESSAGE][PASSED] - Navigate to 'https:/qa.tapas.io/' successfully

11-02-2025T09:19:12 - [TEST_STEP][PASSED] - searchBox = findTestObject("Home/숏컷 미로그인/Page_Home  Spotlight/input_More_q"): null

11-02-2025T09:19:12 - [TEST_STEP][PASSED] - HighlightElement.run(searchBox): null

11-02-2025T09:19:16 - [TEST_STEP][PASSED] - verifyElementPresent(searchBox, 1): Object 'Object Repository/Home/숏컷 미로그인/Page_Home  Spotlight/input_More_q' is present

11-02-2025T09:19:17 - [MESSAGE][PASSED] - Object 'Object Repository/Home/숏컷 미로그인/Page_Home  Spotlight/input_More_q' is present

11-02-2025T09:19:17 - [TEST_STEP][PASSED] - logoImage = findTestObject("Home/숏컷 미로그인/Page_Home  Spotlight/img_More_absolute right-2 top-24 -translate-y-24"): null

11-02-2025T09:19:17 - [TEST_STEP][PASSED] - HighlightElement.run(logoImage): null

11-02-2025T09:19:19 - [TEST_STEP][PASSED] - verifyElementPresent(logoImage, 1): Object 'Object Repository/Home/숏컷 미로그인/Page_Home  Spotlight/img_More_absolute right-2 top-24 -translate-y-24' is present

11-02-2025T09:19:19 - [MESSAGE][PASSED] - Object 'Object Repository/Home/숏컷 미로그인/Page_Home  Spotlight/img_More_absolute right-2 top-24 -translate-y-24' is present

11-02-2025T09:19:19 - [TEST_STEP][PASSED] - loginButton = findTestObject("Home/숏컷 미로그인/Page_Home  Spotlight/button_Login"): null

11-02-2025T09:19:19 - [TEST_STEP][PASSED] - HighlightElement.run(loginButton): null

11-02-2025T09:19:22 - [TEST_STEP][PASSED] - verifyElementPresent(loginButton, 1): Object 'Object Repository/Home/숏컷 미로그인/Page_Home  Spotlight/button_Login' is present

11-02-2025T09:19:22 - [MESSAGE][PASSED] - Object 'Object Repository/Home/숏컷 미로그인/Page_Home  Spotlight/button_Login' is present

11-02-2025T09:19:22 - [TEST_STEP][PASSED] - publishButton = findTestObject("Home/숏컷 미로그인/Page_Home  Spotlight/button_Publish"): null

11-02-2025T09:19:22 - [TEST_STEP][PASSED] - HighlightElement.run(publishButton): null

11-02-2025T09:19:25 - [TEST_STEP][PASSED] - verifyElementPresent(publishButton, 1): Object 'Object Repository/Home/숏컷 미로그인/Page_Home  Spotlight/button_Publish' is present

11-02-2025T09:19:25 - [MESSAGE][PASSED] - Object 'Object Repository/Home/숏컷 미로그인/Page_Home  Spotlight/button_Publish' is present

11-02-2025T09:19:25 - [TEST_STEP][PASSED] - comment("✅ Test 1 완료. 브라우저 유지 상태에서 Test 2 실행"): ✅ Test 1 완료. 브라우저 유지 상태에서 Test 2 실행

11-02-2025T09:19:25 - [MESSAGE][INFO] - ✅ Test 1 완료. 브라우저 유지 상태에서 Test 2 실행]]></system-out>
         <system-err><![CDATA[]]></system-err>
      </testcase>
      <testcase name="Test Cases/Home/홈화면 확인/숏컷 확인 - 로그인 - 강조 확인" time="17.472" classname="Test Cases/Home/홈화면 확인/숏컷 확인 - 로그인 - 강조 확인" status="PASSED">
         <system-out><![CDATA[11-02-2025T09:19:25 - [TEST_CASE][PASSED] - Test Cases/Home/홈화면 확인/숏컷 확인 - 로그인 - 강조 확인: Test Cases/Home/홈화면 확인/숏컷 확인 - 로그인 - 강조 확인

11-02-2025T09:19:25 - [TEST_STEP][PASSED] - url = "https://qa.tapas.io/account/signin?from=/": null

11-02-2025T09:19:25 - [TEST_STEP][PASSED] - email = "dkttapas00@gmail.com": null

11-02-2025T09:19:25 - [TEST_STEP][PASSED] - password = "winehouse": null

11-02-2025T09:19:25 - [TEST_STEP][PASSED] - cookieFilePath = "cookies.save": null

11-02-2025T09:19:25 - [TEST_STEP][PASSED] - comment("🚀 Test 2 시작! 기존 브라우저 사용"): 🚀 Test 2 시작! 기존 브라우저 사용

11-02-2025T09:19:25 - [MESSAGE][INFO] - 🚀 Test 2 시작! 기존 브라우저 사용

11-02-2025T09:19:25 - [TEST_STEP][PASSED] - cookieFile = new java.io.File(cookieFilePath): null

11-02-2025T09:19:25 - [TEST_STEP][PASSED] - if (cookieFile.exists()): ✅ 쿠키 로드 완료! 자동 로그인 성공

11-02-2025T09:19:25 - [TEST_STEP][PASSED] - driver = getWebDriver(): null

11-02-2025T09:19:25 - [TEST_STEP][PASSED] - try: ✅ 쿠키 로드 완료! 자동 로그인 성공

11-02-2025T09:19:25 - [TEST_STEP][PASSED] - fis = new java.io.FileInputStream(cookieFile): null

11-02-2025T09:19:25 - [TEST_STEP][PASSED] - ois = new java.io.ObjectInputStream(fis): null

11-02-2025T09:19:25 - [TEST_STEP][PASSED] - cookies = ois.readObject(): null

11-02-2025T09:19:25 - [TEST_STEP][PASSED] - ois.close(): null

11-02-2025T09:19:25 - [TEST_STEP][PASSED] - fis.close(): null

11-02-2025T09:19:25 - [TEST_STEP][PASSED] - for (org.openqa.selenium.Cookie cookie : cookies): null

11-02-2025T09:19:25 - [TEST_STEP][PASSED] - manage().addCookie(cookie): null

11-02-2025T09:19:25 - [TEST_STEP][PASSED] - manage().addCookie(cookie): null

11-02-2025T09:19:25 - [TEST_STEP][PASSED] - manage().addCookie(cookie): null

11-02-2025T09:19:25 - [TEST_STEP][PASSED] - manage().addCookie(cookie): null

11-02-2025T09:19:25 - [TEST_STEP][PASSED] - manage().addCookie(cookie): null

11-02-2025T09:19:25 - [TEST_STEP][PASSED] - manage().addCookie(cookie): null

11-02-2025T09:19:25 - [TEST_STEP][PASSED] - manage().addCookie(cookie): null

11-02-2025T09:19:25 - [TEST_STEP][PASSED] - manage().addCookie(cookie): null

11-02-2025T09:19:25 - [TEST_STEP][PASSED] - manage().addCookie(cookie): null

11-02-2025T09:19:25 - [TEST_STEP][PASSED] - manage().addCookie(cookie): null

11-02-2025T09:19:25 - [TEST_STEP][PASSED] - manage().addCookie(cookie): null

11-02-2025T09:19:25 - [TEST_STEP][PASSED] - manage().addCookie(cookie): null

11-02-2025T09:19:25 - [TEST_STEP][PASSED] - manage().addCookie(cookie): null

11-02-2025T09:19:26 - [TEST_STEP][PASSED] - manage().addCookie(cookie): null

11-02-2025T09:19:26 - [TEST_STEP][PASSED] - manage().addCookie(cookie): null

11-02-2025T09:19:26 - [TEST_STEP][PASSED] - manage().addCookie(cookie): null

11-02-2025T09:19:26 - [TEST_STEP][PASSED] - manage().addCookie(cookie): null

11-02-2025T09:19:26 - [TEST_STEP][PASSED] - manage().addCookie(cookie): null

11-02-2025T09:19:26 - [TEST_STEP][PASSED] - manage().addCookie(cookie): null

11-02-2025T09:19:26 - [TEST_STEP][PASSED] - manage().addCookie(cookie): null

11-02-2025T09:19:26 - [TEST_STEP][PASSED] - manage().addCookie(cookie): null

11-02-2025T09:19:26 - [TEST_STEP][PASSED] - manage().addCookie(cookie): null

11-02-2025T09:19:26 - [TEST_STEP][PASSED] - manage().addCookie(cookie): null

11-02-2025T09:19:26 - [TEST_STEP][PASSED] - manage().addCookie(cookie): null

11-02-2025T09:19:26 - [TEST_STEP][PASSED] - manage().addCookie(cookie): null

11-02-2025T09:19:26 - [TEST_STEP][PASSED] - manage().addCookie(cookie): null

11-02-2025T09:19:26 - [TEST_STEP][PASSED] - manage().addCookie(cookie): null

11-02-2025T09:19:26 - [TEST_STEP][PASSED] - manage().addCookie(cookie): null

11-02-2025T09:19:26 - [TEST_STEP][PASSED] - manage().addCookie(cookie): null

11-02-2025T09:19:26 - [TEST_STEP][PASSED] - manage().addCookie(cookie): null

11-02-2025T09:19:26 - [TEST_STEP][PASSED] - manage().addCookie(cookie): null

11-02-2025T09:19:26 - [TEST_STEP][PASSED] - refresh(): Refresh successfully

11-02-2025T09:19:27 - [MESSAGE][PASSED] - Refresh successfully

11-02-2025T09:19:27 - [TEST_STEP][PASSED] - comment("✅ 쿠키 로드 완료! 자동 로그인 성공"): ✅ 쿠키 로드 완료! 자동 로그인 성공

11-02-2025T09:19:27 - [MESSAGE][INFO] - ✅ 쿠키 로드 완료! 자동 로그인 성공

11-02-2025T09:19:27 - [TEST_STEP][PASSED] - searchBox = findTestObject("Home/숏컷 로그인 신규/Page_Home  Spotlight/input_More_q"): null

11-02-2025T09:19:27 - [TEST_STEP][PASSED] - HighlightElement.run(searchBox): null

11-02-2025T09:19:30 - [TEST_STEP][PASSED] - verifyElementPresent(searchBox, 0): Object 'Object Repository/Home/숏컷 로그인 신규/Page_Home  Spotlight/input_More_q' is present

11-02-2025T09:19:30 - [MESSAGE][WARNING] - Timeout '0' is invalid. Using default page load timeout: '40'

11-02-2025T09:19:30 - [MESSAGE][PASSED] - Object 'Object Repository/Home/숏컷 로그인 신규/Page_Home  Spotlight/input_More_q' is present

11-02-2025T09:19:30 - [TEST_STEP][PASSED] - logoImage = findTestObject("Home/숏컷 로그인 신규/Page_Home  Spotlight/img_More_absolute right-2 top-24 -translate-y-24"): null

11-02-2025T09:19:30 - [TEST_STEP][PASSED] - HighlightElement.run(logoImage): null

11-02-2025T09:19:32 - [TEST_STEP][PASSED] - verifyElementPresent(logoImage, 0): Object 'Object Repository/Home/숏컷 로그인 신규/Page_Home  Spotlight/img_More_absolute right-2 top-24 -translate-y-24' is present

11-02-2025T09:19:32 - [MESSAGE][WARNING] - Timeout '0' is invalid. Using default page load timeout: '40'

11-02-2025T09:19:32 - [MESSAGE][PASSED] - Object 'Object Repository/Home/숏컷 로그인 신규/Page_Home  Spotlight/img_More_absolute right-2 top-24 -translate-y-24' is present

11-02-2025T09:19:32 - [TEST_STEP][PASSED] - libraryimage = findTestObject("Home/숏컷 로그인 신규/Page_Home  Spotlight/library"): null

11-02-2025T09:19:32 - [TEST_STEP][PASSED] - HighlightElement.run(libraryimage): null

11-02-2025T09:19:35 - [TEST_STEP][PASSED] - verifyElementPresent(libraryimage, 0): Object 'Object Repository/Home/숏컷 로그인 신규/Page_Home  Spotlight/library' is present

11-02-2025T09:19:35 - [MESSAGE][WARNING] - Timeout '0' is invalid. Using default page load timeout: '40'

11-02-2025T09:19:35 - [MESSAGE][PASSED] - Object 'Object Repository/Home/숏컷 로그인 신규/Page_Home  Spotlight/library' is present

11-02-2025T09:19:35 - [TEST_STEP][PASSED] - inboximage = findTestObject("Home/숏컷 로그인 신규/Page_Home  Spotlight/inbox"): null

11-02-2025T09:19:35 - [TEST_STEP][PASSED] - HighlightElement.run(inboximage): null

11-02-2025T09:19:37 - [TEST_STEP][PASSED] - verifyElementPresent(inboximage, 0): Object 'Object Repository/Home/숏컷 로그인 신규/Page_Home  Spotlight/inbox' is present

11-02-2025T09:19:37 - [MESSAGE][WARNING] - Timeout '0' is invalid. Using default page load timeout: '40'

11-02-2025T09:19:37 - [MESSAGE][PASSED] - Object 'Object Repository/Home/숏컷 로그인 신규/Page_Home  Spotlight/inbox' is present

11-02-2025T09:19:37 - [TEST_STEP][PASSED] - profileImage = findTestObject("Home/숏컷 로그인 신규/Page_Home  Spotlight/div_More_absolute left-0 top-0 size-full rounded-100 border-1 border-888"): null

11-02-2025T09:19:37 - [TEST_STEP][PASSED] - HighlightElement.run(profileImage): null

11-02-2025T09:19:40 - [TEST_STEP][PASSED] - verifyElementPresent(profileImage, 0): Object 'Object Repository/Home/숏컷 로그인 신규/Page_Home  Spotlight/div_More_absolute left-0 top-0 size-full rounded-100 border-1 border-888' is present

11-02-2025T09:19:40 - [MESSAGE][WARNING] - Timeout '0' is invalid. Using default page load timeout: '40'

11-02-2025T09:19:40 - [MESSAGE][PASSED] - Object 'Object Repository/Home/숏컷 로그인 신규/Page_Home  Spotlight/div_More_absolute left-0 top-0 size-full rounded-100 border-1 border-888' is present

11-02-2025T09:19:40 - [TEST_STEP][PASSED] - publishButton = findTestObject("Home/숏컷 로그인 신규/Page_Home  Spotlight/button_Publish"): null

11-02-2025T09:19:40 - [TEST_STEP][PASSED] - HighlightElement.run(publishButton): null

11-02-2025T09:19:42 - [TEST_STEP][PASSED] - verifyElementPresent(publishButton, 0): Object 'Object Repository/Home/숏컷 로그인 신규/Page_Home  Spotlight/button_Publish' is present

11-02-2025T09:19:42 - [MESSAGE][WARNING] - Timeout '0' is invalid. Using default page load timeout: '40'

11-02-2025T09:19:43 - [MESSAGE][PASSED] - Object 'Object Repository/Home/숏컷 로그인 신규/Page_Home  Spotlight/button_Publish' is present

11-02-2025T09:19:43 - [TEST_STEP][PASSED] - closeBrowser(): Browser is closed

11-02-2025T09:19:43 - [MESSAGE][PASSED] - Browser is closed]]></system-out>
         <system-err><![CDATA[]]></system-err>
      </testcase>
      <testcase name="Test Cases/Home/검색 동작/검색 결과 없음 확인" time="6.944" classname="Test Cases/Home/검색 동작/검색 결과 없음 확인" status="PASSED">
         <system-out><![CDATA[11-02-2025T09:19:43 - [TEST_CASE][PASSED] - Test Cases/Home/검색 동작/검색 결과 없음 확인: Test Cases/Home/검색 동작/검색 결과 없음 확인

11-02-2025T09:19:43 - [TEST_STEP][PASSED] - openBrowser(""): Browser is opened with url: ''

11-02-2025T09:19:43 - [MESSAGE][INFO] - Starting 'Chrome' driver

11-02-2025T09:19:43 - [MESSAGE][INFO] - Action delay is set to 0 milliseconds

11-02-2025T09:19:44 - [MESSAGE][PASSED] - Browser is opened with url: ''

11-02-2025T09:19:44 - [TEST_STEP][PASSED] - navigateToUrl("https://qa.tapas.io/"): Navigate to 'https://qa.tapas.io/' successfully

11-02-2025T09:19:45 - [MESSAGE][PASSED] - Navigate to 'https://qa.tapas.io/' successfully

11-02-2025T09:19:45 - [TEST_STEP][PASSED] - setText(findTestObject("Object Repository/Home/검색 결과 없음/Page_Home  Spotlight/input_More_q"), "비비비비비비비비비비"): Text '비비비비비비비비비비' is set on object 'Object Repository/Home/검색 결과 없음/Page_Home  Spotlight/input_More_q'

11-02-2025T09:19:47 - [MESSAGE][PASSED] - Text '비비비비비비비비비비' is set on object 'Object Repository/Home/검색 결과 없음/Page_Home  Spotlight/input_More_q'

11-02-2025T09:19:47 - [TEST_STEP][PASSED] - click(findTestObject("Object Repository/Home/검색 결과 없음/Page_Home  Spotlight/img_More_absolute right-2 top-24 -translate-y-24")): Object: 'Object Repository/Home/검색 결과 없음/Page_Home  Spotlight/img_More_absolute right-2 top-24 -translate-y-24' is clicked on

11-02-2025T09:19:49 - [MESSAGE][PASSED] - Object: 'Object Repository/Home/검색 결과 없음/Page_Home  Spotlight/img_More_absolute right-2 top-24 -translate-y-24' is clicked on

11-02-2025T09:19:49 - [TEST_STEP][PASSED] - verifyElementPresent(findTestObject("Home/검색 결과 없음 문구 확인/Page_Search  Tapas/p_No results for"), 0): Object 'Object Repository/Home/검색 결과 없음 문구 확인/Page_Search  Tapas/p_No results for' is present

11-02-2025T09:19:49 - [MESSAGE][WARNING] - Timeout '0' is invalid. Using default page load timeout: '40'

11-02-2025T09:19:50 - [MESSAGE][PASSED] - Object 'Object Repository/Home/검색 결과 없음 문구 확인/Page_Search  Tapas/p_No results for' is present]]></system-out>
         <system-err><![CDATA[]]></system-err>
      </testcase>
      <testcase name="Test Cases/Home/검색 동작/검색 리스트 확인" time="8.297" classname="Test Cases/Home/검색 동작/검색 리스트 확인" status="PASSED">
         <system-out><![CDATA[11-02-2025T09:19:50 - [TEST_CASE][PASSED] - Test Cases/Home/검색 동작/검색 리스트 확인: Test Cases/Home/검색 동작/검색 리스트 확인

11-02-2025T09:19:50 - [TEST_STEP][PASSED] - openBrowser(""): Browser is opened with url: ''

11-02-2025T09:19:50 - [MESSAGE][WARNING] - A browser is already opened. Closing browser and opening a new one

11-02-2025T09:19:50 - [MESSAGE][INFO] - Starting 'Chrome' driver

11-02-2025T09:19:50 - [MESSAGE][INFO] - Action delay is set to 0 milliseconds

11-02-2025T09:19:51 - [MESSAGE][PASSED] - Browser is opened with url: ''

11-02-2025T09:19:51 - [TEST_STEP][PASSED] - navigateToUrl("https://qa.tapas.io/"): Navigate to 'https://qa.tapas.io/' successfully

11-02-2025T09:19:52 - [MESSAGE][PASSED] - Navigate to 'https://qa.tapas.io/' successfully

11-02-2025T09:19:52 - [TEST_STEP][PASSED] - setText(findTestObject("Object Repository/Home/검색 리스트 확인/Page_Home  Spotlight/input_More_q"), "the"): Text 'the' is set on object 'Object Repository/Home/검색 리스트 확인/Page_Home  Spotlight/input_More_q'

11-02-2025T09:19:54 - [MESSAGE][PASSED] - Text 'the' is set on object 'Object Repository/Home/검색 리스트 확인/Page_Home  Spotlight/input_More_q'

11-02-2025T09:19:54 - [TEST_STEP][PASSED] - click(findTestObject("Object Repository/Home/검색 리스트 확인/Page_Home  Spotlight/img_More_absolute right-2 top-24 -translate-y-24")): Object: 'Object Repository/Home/검색 리스트 확인/Page_Home  Spotlight/img_More_absolute right-2 top-24 -translate-y-24' is clicked on

11-02-2025T09:19:57 - [MESSAGE][PASSED] - Object: 'Object Repository/Home/검색 리스트 확인/Page_Home  Spotlight/img_More_absolute right-2 top-24 -translate-y-24' is clicked on

11-02-2025T09:19:57 - [TEST_STEP][PASSED] - setText(findTestObject("Object Repository/Home/검색 리스트 확인/Page_Search  Tapas/input_search results_q"), "`the"): Text '`the' is set on object 'Object Repository/Home/검색 리스트 확인/Page_Search  Tapas/input_search results_q'

11-02-2025T09:19:58 - [MESSAGE][PASSED] - Text '`the' is set on object 'Object Repository/Home/검색 리스트 확인/Page_Search  Tapas/input_search results_q'

11-02-2025T09:19:58 - [TEST_STEP][PASSED] - closeBrowser(): Browser is closed

11-02-2025T09:19:58 - [MESSAGE][PASSED] - Browser is closed]]></system-out>
         <system-err><![CDATA[]]></system-err>
      </testcase>
      <system-out><![CDATA[11-02-2025T09:19:08 - [TEST_SUITE][PASSED] - Home: Test Cases/Home/검색 동작/검색 리스트 확인]]></system-out>
      <system-err><![CDATA[]]></system-err>
   </testsuite>
</testsuites>
